#
# A fatal error has been detected by the Java Runtime Environment:
#
#  SIGSEGV (0xb) at pc=0x00007f23c69be401, pid=2166, tid=2275
#
# JRE version: OpenJDK Runtime Environment (11.0.7+10) (build 11.0.7+10-post-Ubuntu-2ubuntu218.04)
# Java VM: OpenJDK 64-Bit Server VM (11.0.7+10-post-Ubuntu-2ubuntu218.04, mixed mode, sharing, tiered, compressed oops, g1 gc, linux-amd64)
# Problematic frame:
# C  [libjimage.so+0x2401]
#
# Core dump will be written. Default location: Core dumps may be processed with "/usr/share/apport/apport %p %s %c %d %P %E" (or dumping to /home/runner/FrankFirsthandDecompilers/core.2166)
#
# If you would like to submit a bug report, please visit:
#   https://bugs.launchpad.net/ubuntu/+source/openjdk-lts
#

---------------  S U M M A R Y ------------

Command Line: Main

Host: Intel(R) Xeon(R) CPU @ 2.30GHz, 4 cores, 2G, Ubuntu 18.04.4 LTS
Time: Mon May 18 16:15:58 2020 UTC elapsed time: 161 seconds (0d 0h 2m 41s)

---------------  T H R E A D  ---------------

Current thread (0x00007f2338001800):  JavaThread "XToolkt-Shutdown-Thread" [_thread_in_vm, id=2275, stack(0x00007f23bfeff000,0x00007f23c0000000)]

Stack: [0x00007f23bfeff000,0x00007f23c0000000],  sp=0x00007f23bfffd060,  free space=1016k
Native frames: (J=compiled Java code, A=aot compiled Java code, j=interpreted, Vv=VM code, C=native code)
C  [libjimage.so+0x2401]
C  [libjimage.so+0x30ea]
C  [libjimage.so+0x35c6]  JIMAGE_FindResource+0xd6
V  [libjvm.so+0x59105e]
V  [libjvm.so+0x593dc0]
V  [libjvm.so+0xd503b5]
V  [libjvm.so+0xd4dd4a]
V  [libjvm.so+0xd50942]
V  [libjvm.so+0x646dd7]
V  [libjvm.so+0xa3bb7a]
V  [libjvm.so+0x843946]
V  [libjvm.so+0x84483d]
j  sun.awt.X11.XToolkit.lambda$init$0()V+0 java.desktop@11.0.7
j  sun.awt.X11.XToolkit$$Lambda$10.run()V+4 java.desktop@11.0.7
j  java.lang.Thread.run()V+11 java.base@11.0.7
v  ~StubRoutines::call_stub
V  [libjvm.so+0x84e319]
V  [libjvm.so+0x84c45d]
V  [libjvm.so+0x8f62ec]
V  [libjvm.so+0xd8918f]
V  [libjvm.so+0xd85acf]
V  [libjvm.so+0xbd59de]

Java frames: (J=compiled Java code, j=interpreted, Vv=VM code)
j  sun.awt.X11.XToolkit.lambda$init$0()V+0 java.desktop@11.0.7
j  sun.awt.X11.XToolkit$$Lambda$10.run()V+4 java.desktop@11.0.7
j  java.lang.Thread.run()V+11 java.base@11.0.7
v  ~StubRoutines::call_stub

siginfo: si_signo: 11 (SIGSEGV), si_code: 1 (SEGV_MAPERR), si_addr: 0x00007f23b791fcf8

Register to memory mapping:

RAX=0x0000000000004b37 is an unknown value
RBX=0x00007f23bfffd111 is pointing into the stack for thread: 0x00007f2338001800
RCX=0x00007f23b790d01c is an unknown value
RDX=0x0000000000004b37 is an unknown value
RSP=0x00007f23bfffd060 is pointing into the stack for thread: 0x00007f2338001800
RBP=0x00007f23bfffd080 is pointing into the stack for thread: 0x00007f2338001800
RSI=0x00007f23bfffd110 is pointing into the stack for thread: 0x00007f2338001800
RDI=0x00007f23c6bc1130: <offset 0x0000000000205130> in /usr/lib/jvm/java-11-openjdk-amd64/lib/libjimage.so at 0x00007f23c69bc000
R8 =0x0 is NULL
R9 =0x00000000ca0d71f0 is an unknown value
R10=0x00007f23bfffd134 is pointing into the stack for thread: 0x00007f2338001800
R11=0x00007f23c943f3fd: <offset 0x0000000000eb23fd> in /usr/lib/jvm/java-11-openjdk-amd64/lib/server/libjvm.so at 0x00007f23c858d000
R12=0x00007f23bfffd110 is pointing into the stack for thread: 0x00007f2338001800
R13=0x00000000000083ac is an unknown value
R14=0x00007f23bfffe1a8 is pointing into the stack for thread: 0x00007f2338001800
R15=0x00007f23800555c0 points into unknown readable memory: 73 75 6e 2f 61 77 74 2f


Registers:
RAX=0x0000000000004b37, RBX=0x00007f23bfffd111, RCX=0x00007f23b790d01c, RDX=0x0000000000004b37
RSP=0x00007f23bfffd060, RBP=0x00007f23bfffd080, RSI=0x00007f23bfffd110, RDI=0x00007f23c6bc1130
R8 =0x0000000000000000, R9 =0x00000000ca0d71f0, R10=0x00007f23bfffd134, R11=0x00007f23c943f3fd
R12=0x00007f23bfffd110, R13=0x00000000000083ac, R14=0x00007f23bfffe1a8, R15=0x00007f23800555c0
RIP=0x00007f23c69be401, EFLAGS=0x0000000000010246, CSGSFS=0x002b000000000033, ERR=0x0000000000000004
  TRAPNO=0x000000000000000e

Top of Stack: (sp=0x00007f23bfffd060)
0x00007f23bfffd060:   0000000000000000 00007f23c0022ed0
0x00007f23bfffd070:   0000000000000000 00007f23bfffd110
0x00007f23bfffd080:   00007f23bfffd0f0 00007f23c69bf0ea
0x00007f23bfffd090:   0000000000000000 0000000000000000 

Instructions: (pc=0x00007f23c69be401)
0x00007f23c69be301:   c5 4c 01 e3 48 89 ce e8 d3 f3 ff ff e9 69 fd ff
0x00007f23c69be311:   ff 89 d1 0f b7 74 08 fe 66 41 89 74 0e fe e9 7a
0x00007f23c69be321:   fe ff ff 0f 1f 40 00 8b 08 49 8d 